{"level":"info","message":"{\"method\":\"GET\",\"url\":\"/api/Contests/fetch_contest\",\"status\":\"200\",\"responseTime\":\"40.825 ms\",\"timestamp\":\"2025-06-03T12:26:47.954Z\"}","timestamp":"2025-06-03T12:26:47.954Z"}
{"level":"info","message":"{\"method\":\"POST\",\"url\":\"/api/UserApi/buy_ticket?contestID=683edbabcd08088f086c53e9&ticket_prize=0&number_of_times=3\",\"status\":\"200\",\"responseTime\":\"247.170 ms\",\"timestamp\":\"2025-06-03T12:26:57.969Z\"}","timestamp":"2025-06-03T12:26:57.969Z"}
{"level":"info","message":"{\"method\":\"POST\",\"url\":\"/api/UserApi/join_contes?ticket_id=683ee92c4f4fe2a8d2873dbb\",\"status\":\"400\",\"responseTime\":\"10.142 ms\",\"timestamp\":\"2025-06-03T12:26:58.087Z\"}","timestamp":"2025-06-03T12:26:58.087Z"}
{"level":"info","message":"{\"method\":\"POST\",\"url\":\"/api/UserApi/join_contes?ticket_id=683ee92c4f4fe2a8d2873dc1\",\"status\":\"400\",\"responseTime\":\"7.302 ms\",\"timestamp\":\"2025-06-03T12:26:58.160Z\"}","timestamp":"2025-06-03T12:26:58.160Z"}
{"level":"info","message":"{\"method\":\"POST\",\"url\":\"/api/UserApi/join_contes?ticket_id=683ee92c4f4fe2a8d2873dc7\",\"status\":\"400\",\"responseTime\":\"6.451 ms\",\"timestamp\":\"2025-06-03T12:26:58.220Z\"}","timestamp":"2025-06-03T12:26:58.220Z"}
{"level":"info","message":"{\"method\":\"POST\",\"url\":\"/api/UserApi/join_contes?ticket_id=683ee9b5c629a149f67c7a73\",\"status\":\"400\",\"responseTime\":\"6.534 ms\",\"timestamp\":\"2025-06-03T12:26:58.288Z\"}","timestamp":"2025-06-03T12:26:58.288Z"}
{"level":"info","message":"{\"method\":\"POST\",\"url\":\"/api/UserApi/join_contes?ticket_id=683ee9b5c629a149f67c7a79\",\"status\":\"400\",\"responseTime\":\"6.662 ms\",\"timestamp\":\"2025-06-03T12:26:58.410Z\"}","timestamp":"2025-06-03T12:26:58.410Z"}
{"level":"info","message":"{\"method\":\"POST\",\"url\":\"/api/UserApi/join_contes?ticket_id=683eea11692ec1f6d6b3434f\",\"status\":\"400\",\"responseTime\":\"6.312 ms\",\"timestamp\":\"2025-06-03T12:26:58.573Z\"}","timestamp":"2025-06-03T12:26:58.573Z"}
{"level":"info","message":"{\"method\":\"POST\",\"url\":\"/api/UserApi/join_contes?ticket_id=683eea11692ec1f6d6b34355\",\"status\":\"400\",\"responseTime\":\"7.643 ms\",\"timestamp\":\"2025-06-03T12:26:58.624Z\"}","timestamp":"2025-06-03T12:26:58.624Z"}
{"level":"info","message":"{\"method\":\"GET\",\"url\":\"/api/Contests/fetch_contest\",\"status\":\"401\",\"responseTime\":\"6.304 ms\",\"timestamp\":\"2025-06-03T12:27:40.952Z\"}","timestamp":"2025-06-03T12:27:40.952Z"}
{"level":"info","message":"{\"method\":\"POST\",\"url\":\"/api/authenticate/otp_generate\",\"status\":\"200\",\"responseTime\":\"414.210 ms\",\"timestamp\":\"2025-06-03T12:28:39.390Z\"}","timestamp":"2025-06-03T12:28:39.391Z"}
{"level":"info","message":"{\"method\":\"POST\",\"url\":\"/api/authenticate/otp_Login\",\"status\":\"400\",\"responseTime\":\"138.890 ms\",\"timestamp\":\"2025-06-03T12:28:48.583Z\"}","timestamp":"2025-06-03T12:28:48.583Z"}
{"level":"info","message":"{\"method\":\"POST\",\"url\":\"/api/authenticate/otp_generate\",\"status\":\"200\",\"responseTime\":\"630.489 ms\",\"timestamp\":\"2025-06-03T12:28:58.251Z\"}","timestamp":"2025-06-03T12:28:58.252Z"}
{"level":"info","message":"{\"method\":\"GET\",\"url\":\"/api/Contests/fetch_contest\",\"status\":\"401\",\"responseTime\":\"11.451 ms\",\"timestamp\":\"2025-06-03T12:29:06.663Z\"}","timestamp":"2025-06-03T12:29:06.663Z"}
{"level":"info","message":"{\"method\":\"GET\",\"url\":\"/api/Contests/fetch_contest\",\"status\":\"200\",\"responseTime\":\"46.863 ms\",\"timestamp\":\"2025-06-03T12:29:15.561Z\"}","timestamp":"2025-06-03T12:29:15.562Z"}
{"level":"info","message":"{\"method\":\"GET\",\"url\":\"/api/Contests/fetch_contest\",\"status\":\"401\",\"responseTime\":\"6.366 ms\",\"timestamp\":\"2025-06-03T12:29:18.842Z\"}","timestamp":"2025-06-03T12:29:18.842Z"}
{"level":"info","message":"{\"method\":\"POST\",\"url\":\"/api/authenticate/otp_generate\",\"status\":\"200\",\"responseTime\":\"442.496 ms\",\"timestamp\":\"2025-06-03T12:29:48.294Z\"}","timestamp":"2025-06-03T12:29:48.295Z"}
{"level":"info","message":"{\"method\":\"POST\",\"url\":\"/api/authenticate/otp_Login\",\"status\":\"200\",\"responseTime\":\"298.615 ms\",\"timestamp\":\"2025-06-03T12:29:55.076Z\"}","timestamp":"2025-06-03T12:29:55.076Z"}
{"level":"info","message":"{\"method\":\"GET\",\"url\":\"/api/Contests/fetch_contest\",\"status\":\"401\",\"responseTime\":\"7.497 ms\",\"timestamp\":\"2025-06-03T12:30:10.248Z\"}","timestamp":"2025-06-03T12:30:10.249Z"}
{"level":"info","message":"{\"method\":\"GET\",\"url\":\"/api/Contests/fetch_contest\",\"status\":\"200\",\"responseTime\":\"43.391 ms\",\"timestamp\":\"2025-06-03T12:32:02.416Z\"}","timestamp":"2025-06-03T12:32:02.417Z"}
{"level":"info","message":"{\"method\":\"GET\",\"url\":\"/api/Contests/fetch_contest\",\"status\":\"401\",\"responseTime\":\"6.855 ms\",\"timestamp\":\"2025-06-03T12:32:08.220Z\"}","timestamp":"2025-06-03T12:32:08.220Z"}
{"level":"info","message":"{\"method\":\"GET\",\"url\":\"/api/Contests/fetch_contest\",\"status\":\"200\",\"responseTime\":\"86.220 ms\",\"timestamp\":\"2025-06-03T12:33:06.036Z\"}","timestamp":"2025-06-03T12:33:06.037Z"}
{"level":"info","message":"{\"method\":\"GET\",\"url\":\"/api/Contests/fetch_contest\",\"status\":\"404\",\"responseTime\":\"5.867 ms\",\"timestamp\":\"2025-06-03T12:33:12.131Z\"}","timestamp":"2025-06-03T12:33:12.131Z"}
{"level":"info","message":"{\"method\":\"POST\",\"url\":\"/api/authenticate/otp_generate\",\"status\":\"400\",\"responseTime\":\"28.075 ms\",\"timestamp\":\"2025-06-03T12:33:37.961Z\"}","timestamp":"2025-06-03T12:33:37.961Z"}
{"level":"info","message":"{\"method\":\"POST\",\"url\":\"/api/UserApi/buy_ticket?contestID=683edbabcd08088f086c53e9&ticket_prize=0&number_of_times=3\",\"status\":\"200\",\"responseTime\":\"210.803 ms\",\"timestamp\":\"2025-06-03T12:33:47.038Z\"}","timestamp":"2025-06-03T12:33:47.038Z"}
{"level":"info","message":"{\"method\":\"POST\",\"url\":\"/api/authenticate/otp_generate\",\"status\":\"400\",\"responseTime\":\"5.514 ms\",\"timestamp\":\"2025-06-03T12:33:48.053Z\"}","timestamp":"2025-06-03T12:33:48.053Z"}
{"level":"info","message":"{\"method\":\"POST\",\"url\":\"/api/UserApi/join_contes?ticket_id=683ee92c4f4fe2a8d2873dbb\",\"status\":\"400\",\"responseTime\":\"9.306 ms\",\"timestamp\":\"2025-06-03T12:33:48.314Z\"}","timestamp":"2025-06-03T12:33:48.314Z"}
{"level":"info","message":"{\"method\":\"POST\",\"url\":\"/api/UserApi/join_contes?ticket_id=683ee92c4f4fe2a8d2873dc1\",\"status\":\"400\",\"responseTime\":\"6.798 ms\",\"timestamp\":\"2025-06-03T12:33:48.726Z\"}","timestamp":"2025-06-03T12:33:48.726Z"}
{"level":"info","message":"{\"method\":\"POST\",\"url\":\"/api/UserApi/join_contes?ticket_id=683ee92c4f4fe2a8d2873dc7\",\"status\":\"400\",\"responseTime\":\"7.326 ms\",\"timestamp\":\"2025-06-03T12:33:49.091Z\"}","timestamp":"2025-06-03T12:33:49.091Z"}
{"level":"info","message":"{\"method\":\"POST\",\"url\":\"/api/UserApi/join_contes?ticket_id=683ee9b5c629a149f67c7a73\",\"status\":\"400\",\"responseTime\":\"7.220 ms\",\"timestamp\":\"2025-06-03T12:33:49.210Z\"}","timestamp":"2025-06-03T12:33:49.210Z"}
{"level":"info","message":"{\"method\":\"POST\",\"url\":\"/api/UserApi/join_contes?ticket_id=683ee9b5c629a149f67c7a79\",\"status\":\"400\",\"responseTime\":\"6.846 ms\",\"timestamp\":\"2025-06-03T12:33:51.644Z\"}","timestamp":"2025-06-03T12:33:51.644Z"}
{"level":"info","message":"{\"method\":\"POST\",\"url\":\"/api/UserApi/join_contes?ticket_id=683eea11692ec1f6d6b3434f\",\"status\":\"400\",\"responseTime\":\"7.449 ms\",\"timestamp\":\"2025-06-03T12:33:58.015Z\"}","timestamp":"2025-06-03T12:33:58.015Z"}
{"level":"info","message":"{\"method\":\"POST\",\"url\":\"/api/UserApi/join_contes?ticket_id=683eea11692ec1f6d6b34355\",\"status\":\"400\",\"responseTime\":\"6.390 ms\",\"timestamp\":\"2025-06-03T12:33:58.308Z\"}","timestamp":"2025-06-03T12:33:58.308Z"}
{"level":"info","message":"{\"method\":\"POST\",\"url\":\"/api/UserApi/join_contes?ticket_id=683eebaa2369ada5a69ec3ab\",\"status\":\"400\",\"responseTime\":\"7.112 ms\",\"timestamp\":\"2025-06-03T12:33:58.413Z\"}","timestamp":"2025-06-03T12:33:58.414Z"}
{"level":"info","message":"{\"method\":\"POST\",\"url\":\"/api/UserApi/join_contes?ticket_id=683eebaa2369ada5a69ec3a5\",\"status\":\"400\",\"responseTime\":\"20.965 ms\",\"timestamp\":\"2025-06-03T12:34:01.450Z\"}","timestamp":"2025-06-03T12:34:01.450Z"}
{"level":"info","message":"{\"method\":\"POST\",\"url\":\"/api/UserApi/buy_ticket?contestID=683edbabcd08088f086c53e9&ticket_prize=0&number_of_times=2\",\"status\":\"200\",\"responseTime\":\"51.337 ms\",\"timestamp\":\"2025-06-03T12:34:32.103Z\"}","timestamp":"2025-06-03T12:34:32.103Z"}
{"level":"info","message":"{\"method\":\"POST\",\"url\":\"/api/UserApi/join_contes?ticket_id=683eebd82369ada5a69ec4a4\",\"status\":\"400\",\"responseTime\":\"7.209 ms\",\"timestamp\":\"2025-06-03T12:34:32.550Z\"}","timestamp":"2025-06-03T12:34:32.550Z"}
{"level":"info","message":"{\"method\":\"POST\",\"url\":\"/api/UserApi/join_contes?ticket_id=683eebd82369ada5a69ec4aa\",\"status\":\"400\",\"responseTime\":\"10.156 ms\",\"timestamp\":\"2025-06-03T12:34:32.920Z\"}","timestamp":"2025-06-03T12:34:32.920Z"}
{"level":"info","message":"{\"method\":\"POST\",\"url\":\"/api/UserApi/join_contes/?ticket_id=683edbabcd08088f086c53e9\",\"status\":\"400\",\"responseTime\":\"10.392 ms\",\"timestamp\":\"2025-06-03T12:35:08.084Z\"}","timestamp":"2025-06-03T12:35:08.084Z"}
{"level":"info","message":"{\"method\":\"POST\",\"url\":\"/api/UserApi/join_contes/?ticket_id=683edbabcd08088f086c53e9\",\"status\":\"400\",\"responseTime\":\"12.113 ms\",\"timestamp\":\"2025-06-03T12:35:21.942Z\"}","timestamp":"2025-06-03T12:35:21.942Z"}
{"level":"info","message":"{\"method\":\"POST\",\"url\":\"/api/UserApi/join_contes/?ticket_id=683edbabcd08088f086c53e9\",\"status\":\"400\",\"responseTime\":\"7.106 ms\",\"timestamp\":\"2025-06-03T12:36:36.905Z\"}","timestamp":"2025-06-03T12:36:36.905Z"}
{"level":"info","message":"{\"method\":\"POST\",\"url\":\"/api/UserApi/join_contes/?ticket_id=683edbabcd08088f086c53e9\",\"status\":\"400\",\"responseTime\":\"34.127 ms\",\"timestamp\":\"2025-06-03T12:37:10.907Z\"}","timestamp":"2025-06-03T12:37:10.908Z"}
{"level":"info","message":"{\"method\":\"POST\",\"url\":\"/api/UserApi/join_contes/?ticket_id=683edbabcd08088f086c53e9\",\"status\":\"400\",\"responseTime\":\"38.254 ms\",\"timestamp\":\"2025-06-03T12:37:51.977Z\"}","timestamp":"2025-06-03T12:37:51.978Z"}
{"level":"info","message":"{\"method\":\"POST\",\"url\":\"/api/UserApi/join_contes/?ticket_id=683edbabcd08088f086c53e9\",\"status\":\"400\",\"responseTime\":\"39.146 ms\",\"timestamp\":\"2025-06-03T12:38:13.623Z\"}","timestamp":"2025-06-03T12:38:13.625Z"}
{"level":"info","message":"{\"method\":\"POST\",\"url\":\"/api/UserApi/join_contes/?ticket_id=683edbabcd08088f086c53e9\",\"status\":\"400\",\"responseTime\":\"36.023 ms\",\"timestamp\":\"2025-06-03T12:38:22.417Z\"}","timestamp":"2025-06-03T12:38:22.418Z"}
{"level":"info","message":"{\"method\":\"POST\",\"url\":\"/api/UserApi/join_contes/?ticket_id=683eebd82369ada5a69ec4a3\",\"status\":\"200\",\"responseTime\":\"58.794 ms\",\"timestamp\":\"2025-06-03T12:39:09.397Z\"}","timestamp":"2025-06-03T12:39:09.397Z"}
{"level":"info","message":"{\"method\":\"POST\",\"url\":\"/api/UserApi/buy_ticket?contestID=683eb17b2f677c37ff08b353&ticket_prize=0&number_of_times=3\",\"status\":\"200\",\"responseTime\":\"251.530 ms\",\"timestamp\":\"2025-06-03T12:40:28.443Z\"}","timestamp":"2025-06-03T12:40:28.444Z"}
{"level":"info","message":"{\"method\":\"POST\",\"url\":\"/api/UserApi/join_contes?ticket_id=683eebd82369ada5a69ec4a4\",\"status\":\"400\",\"responseTime\":\"10.564 ms\",\"timestamp\":\"2025-06-03T12:40:28.705Z\"}","timestamp":"2025-06-03T12:40:28.705Z"}
{"level":"info","message":"{\"method\":\"POST\",\"url\":\"/api/UserApi/join_contes?ticket_id=683eebd82369ada5a69ec4aa\",\"status\":\"400\",\"responseTime\":\"8.002 ms\",\"timestamp\":\"2025-06-03T12:40:28.771Z\"}","timestamp":"2025-06-03T12:40:28.771Z"}
{"level":"info","message":"{\"method\":\"POST\",\"url\":\"/api/UserApi/join_contes?ticket_id=683eed3c419246a98d224d10\",\"status\":\"400\",\"responseTime\":\"9.376 ms\",\"timestamp\":\"2025-06-03T12:40:29.107Z\"}","timestamp":"2025-06-03T12:40:29.107Z"}
{"level":"info","message":"{\"method\":\"POST\",\"url\":\"/api/UserApi/join_contes?ticket_id=683eed3c419246a98d224d16\",\"status\":\"400\",\"responseTime\":\"7.981 ms\",\"timestamp\":\"2025-06-03T12:40:29.309Z\"}","timestamp":"2025-06-03T12:40:29.309Z"}
{"level":"info","message":"{\"method\":\"POST\",\"url\":\"/api/UserApi/buy_ticket?contestID=683edbabcd08088f086c53e9&ticket_prize=0&number_of_times=3\",\"status\":\"200\",\"responseTime\":\"125.890 ms\",\"timestamp\":\"2025-06-03T12:42:14.866Z\"}","timestamp":"2025-06-03T12:42:14.867Z"}
{"level":"info","message":"{\"method\":\"POST\",\"url\":\"/api/UserApi/join_contes?ticket_id=683eebd82369ada5a69ec4a4\",\"status\":\"400\",\"responseTime\":\"7.198 ms\",\"timestamp\":\"2025-06-03T12:42:15.726Z\"}","timestamp":"2025-06-03T12:42:15.726Z"}
{"level":"info","message":"{\"method\":\"POST\",\"url\":\"/api/UserApi/join_contes?ticket_id=683eebd82369ada5a69ec4aa\",\"status\":\"400\",\"responseTime\":\"7.846 ms\",\"timestamp\":\"2025-06-03T12:42:15.900Z\"}","timestamp":"2025-06-03T12:42:15.900Z"}
{"level":"info","message":"{\"method\":\"POST\",\"url\":\"/api/UserApi/join_contes?ticket_id=683eed3c419246a98d224d10\",\"status\":\"400\",\"responseTime\":\"8.052 ms\",\"timestamp\":\"2025-06-03T12:42:18.125Z\"}","timestamp":"2025-06-03T12:42:18.125Z"}
{"level":"info","message":"{\"method\":\"POST\",\"url\":\"/api/UserApi/join_contes?ticket_id=683eed3c419246a98d224d16\",\"status\":\"400\",\"responseTime\":\"19.762 ms\",\"timestamp\":\"2025-06-03T12:42:18.419Z\"}","timestamp":"2025-06-03T12:42:18.419Z"}
{"level":"info","message":"{\"method\":\"POST\",\"url\":\"/api/UserApi/join_contes?ticket_id=683eeda6419246a98d224de2\",\"status\":\"400\",\"responseTime\":\"8.158 ms\",\"timestamp\":\"2025-06-03T12:42:18.574Z\"}","timestamp":"2025-06-03T12:42:18.574Z"}
{"level":"info","message":"{\"method\":\"POST\",\"url\":\"/api/UserApi/join_contes?ticket_id=683eeda6419246a98d224ddc\",\"status\":\"400\",\"responseTime\":\"6.169 ms\",\"timestamp\":\"2025-06-03T12:42:18.628Z\"}","timestamp":"2025-06-03T12:42:18.628Z"}
{"level":"info","message":"{\"method\":\"POST\",\"url\":\"/api/authenticate/otp_generate\",\"status\":\"400\",\"responseTime\":\"7.547 ms\",\"timestamp\":\"2025-06-03T12:43:10.666Z\"}","timestamp":"2025-06-03T12:43:10.667Z"}
{"level":"info","message":"{\"method\":\"POST\",\"url\":\"/api/UserApi/buy_ticket?contestID=683edbabcd08088f086c53e9&ticket_prize=0&number_of_times=3\",\"status\":\"200\",\"responseTime\":\"166.326 ms\",\"timestamp\":\"2025-06-03T12:44:30.782Z\"}","timestamp":"2025-06-03T12:44:30.782Z"}
{"level":"info","message":"{\"method\":\"POST\",\"url\":\"/api/UserApi/join_contes?ticket_id=683eebd82369ada5a69ec4a4\",\"status\":\"400\",\"responseTime\":\"8.535 ms\",\"timestamp\":\"2025-06-03T12:44:31.131Z\"}","timestamp":"2025-06-03T12:44:31.131Z"}
{"level":"info","message":"{\"method\":\"POST\",\"url\":\"/api/UserApi/join_contes?ticket_id=683eebd82369ada5a69ec4aa\",\"status\":\"400\",\"responseTime\":\"8.898 ms\",\"timestamp\":\"2025-06-03T12:44:31.199Z\"}","timestamp":"2025-06-03T12:44:31.199Z"}
{"level":"info","message":"{\"method\":\"POST\",\"url\":\"/api/UserApi/join_contes?ticket_id=683eed3c419246a98d224d10\",\"status\":\"400\",\"responseTime\":\"8.969 ms\",\"timestamp\":\"2025-06-03T12:44:31.273Z\"}","timestamp":"2025-06-03T12:44:31.273Z"}
{"level":"info","message":"{\"method\":\"POST\",\"url\":\"/api/UserApi/join_contes?ticket_id=683eed3c419246a98d224d16\",\"status\":\"400\",\"responseTime\":\"10.739 ms\",\"timestamp\":\"2025-06-03T12:44:31.353Z\"}","timestamp":"2025-06-03T12:44:31.353Z"}
{"level":"info","message":"{\"method\":\"POST\",\"url\":\"/api/UserApi/join_contes?ticket_id=683eeda6419246a98d224de2\",\"status\":\"400\",\"responseTime\":\"9.033 ms\",\"timestamp\":\"2025-06-03T12:44:31.410Z\"}","timestamp":"2025-06-03T12:44:31.410Z"}
{"level":"info","message":"{\"method\":\"POST\",\"url\":\"/api/UserApi/join_contes?ticket_id=683eeda6419246a98d224ddc\",\"status\":\"400\",\"responseTime\":\"8.311 ms\",\"timestamp\":\"2025-06-03T12:44:31.485Z\"}","timestamp":"2025-06-03T12:44:31.485Z"}
{"level":"info","message":"{\"method\":\"POST\",\"url\":\"/api/UserApi/join_contes?ticket_id=683eee2e419246a98d224ec4\",\"status\":\"400\",\"responseTime\":\"9.449 ms\",\"timestamp\":\"2025-06-03T12:44:31.752Z\"}","timestamp":"2025-06-03T12:44:31.752Z"}
{"level":"info","message":"{\"method\":\"POST\",\"url\":\"/api/UserApi/join_contes?ticket_id=683eee2e419246a98d224eca\",\"status\":\"400\",\"responseTime\":\"8.867 ms\",\"timestamp\":\"2025-06-03T12:44:31.823Z\"}","timestamp":"2025-06-03T12:44:31.823Z"}
{"level":"info","message":"{\"method\":\"POST\",\"url\":\"/api/UserApi/buy_ticket?contestID=683eb17b2f677c37ff08b353&ticket_prize=0&number_of_times=3\",\"status\":\"200\",\"responseTime\":\"101.363 ms\",\"timestamp\":\"2025-06-03T12:45:47.934Z\"}","timestamp":"2025-06-03T12:45:47.934Z"}
{"level":"info","message":"{\"method\":\"POST\",\"url\":\"/api/UserApi/join_contes?ticket_id=683eebd82369ada5a69ec4a4\",\"status\":\"400\",\"responseTime\":\"9.367 ms\",\"timestamp\":\"2025-06-03T12:45:48.189Z\"}","timestamp":"2025-06-03T12:45:48.189Z"}
{"level":"info","message":"{\"method\":\"POST\",\"url\":\"/api/UserApi/join_contes?ticket_id=683eebd82369ada5a69ec4aa\",\"status\":\"400\",\"responseTime\":\"8.979 ms\",\"timestamp\":\"2025-06-03T12:45:48.241Z\"}","timestamp":"2025-06-03T12:45:48.241Z"}
{"level":"info","message":"{\"method\":\"POST\",\"url\":\"/api/UserApi/join_contes?ticket_id=683eed3c419246a98d224d10\",\"status\":\"400\",\"responseTime\":\"8.387 ms\",\"timestamp\":\"2025-06-03T12:45:48.378Z\"}","timestamp":"2025-06-03T12:45:48.378Z"}
{"level":"info","message":"{\"method\":\"POST\",\"url\":\"/api/UserApi/join_contes?ticket_id=683eed3c419246a98d224d16\",\"status\":\"400\",\"responseTime\":\"9.160 ms\",\"timestamp\":\"2025-06-03T12:45:48.427Z\"}","timestamp":"2025-06-03T12:45:48.427Z"}
{"level":"info","message":"{\"method\":\"POST\",\"url\":\"/api/UserApi/join_contes?ticket_id=683eeda6419246a98d224de2\",\"status\":\"400\",\"responseTime\":\"8.853 ms\",\"timestamp\":\"2025-06-03T12:45:48.578Z\"}","timestamp":"2025-06-03T12:45:48.578Z"}
{"level":"info","message":"{\"method\":\"POST\",\"url\":\"/api/UserApi/join_contes?ticket_id=683eeda6419246a98d224ddc\",\"status\":\"400\",\"responseTime\":\"8.516 ms\",\"timestamp\":\"2025-06-03T12:45:48.680Z\"}","timestamp":"2025-06-03T12:45:48.680Z"}
{"level":"info","message":"{\"method\":\"POST\",\"url\":\"/api/UserApi/join_contes?ticket_id=683eee2e419246a98d224ec4\",\"status\":\"400\",\"responseTime\":\"9.583 ms\",\"timestamp\":\"2025-06-03T12:45:48.776Z\"}","timestamp":"2025-06-03T12:45:48.776Z"}
{"level":"info","message":"{\"method\":\"POST\",\"url\":\"/api/UserApi/join_contes?ticket_id=683eee2e419246a98d224eca\",\"status\":\"400\",\"responseTime\":\"11.593 ms\",\"timestamp\":\"2025-06-03T12:45:48.876Z\"}","timestamp":"2025-06-03T12:45:48.877Z"}
{"level":"info","message":"{\"method\":\"POST\",\"url\":\"/api/UserApi/join_contes?ticket_id=683eee7b419246a98d224fc3\",\"status\":\"400\",\"responseTime\":\"8.842 ms\",\"timestamp\":\"2025-06-03T12:45:48.979Z\"}","timestamp":"2025-06-03T12:45:48.979Z"}
{"level":"info","message":"{\"method\":\"POST\",\"url\":\"/api/UserApi/join_contes?ticket_id=683eee7b419246a98d224fc9\",\"status\":\"400\",\"responseTime\":\"7.955 ms\",\"timestamp\":\"2025-06-03T12:45:49.082Z\"}","timestamp":"2025-06-03T12:45:49.082Z"}
{"level":"info","message":"{\"method\":\"POST\",\"url\":\"/api/UserApi/buy_ticket?contestID=683edbabcd08088f086c53e9&ticket_prize=0&number_of_times=2\",\"status\":\"200\",\"responseTime\":\"121.123 ms\",\"timestamp\":\"2025-06-03T12:47:34.391Z\"}","timestamp":"2025-06-03T12:47:34.391Z"}
{"level":"info","message":"{\"method\":\"GET\",\"url\":\"/api/Contests/fetch_contest\",\"status\":\"200\",\"responseTime\":\"24.818 ms\",\"timestamp\":\"2025-06-03T12:47:38.534Z\"}","timestamp":"2025-06-03T12:47:38.534Z"}
{"level":"info","message":"{\"method\":\"POST\",\"url\":\"/api/UserApi/buy_ticket?contestID=683edbabcd08088f086c53e9&ticket_prize=0&number_of_times=2\",\"status\":\"200\",\"responseTime\":\"68.418 ms\",\"timestamp\":\"2025-06-03T12:47:59.285Z\"}","timestamp":"2025-06-03T12:47:59.285Z"}
{"level":"info","message":"{\"method\":\"POST\",\"url\":\"/api/UserApi/join_contes?ticket_id=683eeeff419246a98d22517e\",\"status\":\"400\",\"responseTime\":\"8.430 ms\",\"timestamp\":\"2025-06-03T12:47:59.451Z\"}","timestamp":"2025-06-03T12:47:59.451Z"}
{"level":"info","message":"{\"method\":\"POST\",\"url\":\"/api/UserApi/join_contes?ticket_id=683eeeff419246a98d225184\",\"status\":\"400\",\"responseTime\":\"8.380 ms\",\"timestamp\":\"2025-06-03T12:47:59.547Z\"}","timestamp":"2025-06-03T12:47:59.547Z"}
{"level":"info","message":"{\"method\":\"POST\",\"url\":\"/api/UserApi/buy_ticket?contestID=683edbabcd08088f086c53e9&ticket_prize=0&number_of_times=3\",\"status\":\"200\",\"responseTime\":\"74.915 ms\",\"timestamp\":\"2025-06-03T12:50:56.347Z\"}","timestamp":"2025-06-03T12:50:56.347Z"}
{"level":"info","message":"{\"method\":\"GET\",\"url\":\"/api/Contests/fetch_contest\",\"status\":\"200\",\"responseTime\":\"20.939 ms\",\"timestamp\":\"2025-06-03T12:51:04.936Z\"}","timestamp":"2025-06-03T12:51:04.936Z"}
{"level":"info","message":"{\"method\":\"POST\",\"url\":\"/api/UserApi/buy_ticket?contestID=683edbabcd08088f086c53e9&ticket_prize=0&number_of_times=3\",\"status\":\"200\",\"responseTime\":\"88.986 ms\",\"timestamp\":\"2025-06-03T12:51:15.166Z\"}","timestamp":"2025-06-03T12:51:15.166Z"}
{"level":"info","message":"{\"method\":\"GET\",\"url\":\"/api/Contests/fetch_contest\",\"status\":\"200\",\"responseTime\":\"81.503 ms\",\"timestamp\":\"2025-06-03T12:54:53.269Z\"}","timestamp":"2025-06-03T12:54:53.270Z"}
{"level":"info","message":"{\"method\":\"POST\",\"url\":\"/api/UserApi/buy_ticket?contestID=683edbabcd08088f086c53e9&ticket_prize=0&number_of_times=3\",\"status\":\"200\",\"responseTime\":\"145.417 ms\",\"timestamp\":\"2025-06-03T12:55:05.355Z\"}","timestamp":"2025-06-03T12:55:05.355Z"}
{"level":"info","message":"{\"method\":\"GET\",\"url\":\"/\",\"status\":\"404\",\"responseTime\":\"2.699 ms\",\"timestamp\":\"2025-06-03T12:55:10.068Z\"}","timestamp":"2025-06-03T12:55:10.068Z"}
{"level":"info","message":"{\"method\":\"GET\",\"url\":\"/api/Contests/fetch_contest\",\"status\":\"200\",\"responseTime\":\"23.318 ms\",\"timestamp\":\"2025-06-03T12:55:11.614Z\"}","timestamp":"2025-06-03T12:55:11.614Z"}
{"level":"info","message":"{\"method\":\"GET\",\"url\":\"/\",\"status\":\"404\",\"responseTime\":\"1.091 ms\",\"timestamp\":\"2025-06-03T12:55:16.635Z\"}","timestamp":"2025-06-03T12:55:16.635Z"}
{"level":"info","message":"{\"method\":\"GET\",\"url\":\"/loginMsg.js\",\"status\":\"404\",\"responseTime\":\"1.320 ms\",\"timestamp\":\"2025-06-03T12:55:20.275Z\"}","timestamp":"2025-06-03T12:55:20.275Z"}
{"level":"info","message":"{\"method\":\"GET\",\"url\":\"/cgi/get.cgi?cmd=home_login\",\"status\":\"404\",\"responseTime\":\"1.105 ms\",\"timestamp\":\"2025-06-03T12:55:20.292Z\"}","timestamp":"2025-06-03T12:55:20.292Z"}
{"level":"info","message":"{\"method\":\"POST\",\"url\":\"/api/UserApi/buy_ticket?contestID=683edbabcd08088f086c53e9&ticket_prize=0&number_of_times=3\",\"status\":\"200\",\"responseTime\":\"156.679 ms\",\"timestamp\":\"2025-06-03T12:55:40.364Z\"}","timestamp":"2025-06-03T12:55:40.365Z"}
{"level":"info","message":"{\"method\":\"POST\",\"url\":\"/api/UserApi/buy_ticket?contestID=683edbabcd08088f086c53e9&ticket_prize=0&number_of_times=3\",\"status\":\"200\",\"responseTime\":\"190.308 ms\",\"timestamp\":\"2025-06-03T12:56:04.206Z\"}","timestamp":"2025-06-03T12:56:04.206Z"}
{"level":"info","message":"{\"method\":\"POST\",\"url\":\"/api/UserApi/buy_ticket?contestID=683edbabcd08088f086c53e9&ticket_prize=0&number_of_times=2\",\"status\":\"200\",\"responseTime\":\"125.142 ms\",\"timestamp\":\"2025-06-03T12:58:09.281Z\"}","timestamp":"2025-06-03T12:58:09.281Z"}
{"level":"info","message":"{\"method\":\"POST\",\"url\":\"/api/UserApi/buy_ticket?contestID=683edbabcd08088f086c53e9&ticket_prize=0&number_of_times=3\",\"status\":\"200\",\"responseTime\":\"176.356 ms\",\"timestamp\":\"2025-06-03T12:59:15.481Z\"}","timestamp":"2025-06-03T12:59:15.481Z"}
{"level":"info","message":"{\"method\":\"POST\",\"url\":\"/api/UserApi/buy_ticket?contestID=683edbabcd08088f086c53e9&ticket_prize=0&number_of_times=3\",\"status\":\"200\",\"responseTime\":\"149.273 ms\",\"timestamp\":\"2025-06-03T13:01:24.416Z\"}","timestamp":"2025-06-03T13:01:24.416Z"}
{"level":"info","message":"{\"method\":\"POST\",\"url\":\"/api/UserApi/buy_ticket?contestID=683edbabcd08088f086c53e9&ticket_prize=0&number_of_times=3\",\"status\":\"200\",\"responseTime\":\"123.411 ms\",\"timestamp\":\"2025-06-03T13:02:42.267Z\"}","timestamp":"2025-06-03T13:02:42.267Z"}
{"level":"info","message":"{\"method\":\"GET\",\"url\":\"/\",\"status\":\"404\",\"responseTime\":\"5.456 ms\",\"timestamp\":\"2025-06-04T07:04:08.764Z\"}","timestamp":"2025-06-04T07:04:08.765Z"}
{"level":"info","message":"{\"method\":\"POST\",\"url\":\"/api/authenticate/otp_generate\",\"status\":\"200\",\"responseTime\":\"939.409 ms\",\"timestamp\":\"2025-06-04T07:04:39.552Z\"}","timestamp":"2025-06-04T07:04:39.552Z"}
{"level":"info","message":"{\"method\":\"POST\",\"url\":\"/api/authenticate/otp_Login\",\"status\":\"200\",\"responseTime\":\"138.094 ms\",\"timestamp\":\"2025-06-04T07:04:51.013Z\"}","timestamp":"2025-06-04T07:04:51.013Z"}
{"level":"info","message":"{\"method\":\"GET\",\"url\":\"/api/system/settings\",\"status\":\"404\",\"responseTime\":\"6.638 ms\",\"timestamp\":\"2025-06-04T07:19:56.676Z\"}","timestamp":"2025-06-04T07:19:56.677Z"}
{"level":"info","message":"{\"method\":\"POST\",\"url\":\"/api/Contests/automatic_contest\",\"status\":\"200\",\"responseTime\":\"66.414 ms\",\"timestamp\":\"2025-06-04T07:30:24.053Z\"}","timestamp":"2025-06-04T07:30:24.053Z"}
{"level":"info","message":"{\"method\":\"POST\",\"url\":\"/api/Contests/automatic_contest\",\"status\":\"200\",\"responseTime\":\"36.916 ms\",\"timestamp\":\"2025-06-04T07:30:32.406Z\"}","timestamp":"2025-06-04T07:30:32.406Z"}
{"level":"info","message":"{\"method\":\"POST\",\"url\":\"/api/authenticate/otp_generate\",\"status\":\"400\",\"responseTime\":\"48.360 ms\",\"timestamp\":\"2025-06-04T07:45:04.894Z\"}","timestamp":"2025-06-04T07:45:04.895Z"}
{"level":"info","message":"{\"method\":\"POST\",\"url\":\"/api/authenticate/otp_generate\",\"status\":\"400\",\"responseTime\":\"6.138 ms\",\"timestamp\":\"2025-06-04T07:45:23.066Z\"}","timestamp":"2025-06-04T07:45:23.066Z"}
{"level":"info","message":"{\"method\":\"POST\",\"url\":\"/api/authenticate/createuser\",\"status\":\"200\",\"responseTime\":\"51.783 ms\",\"timestamp\":\"2025-06-04T07:45:42.833Z\"}","timestamp":"2025-06-04T07:45:42.833Z"}
{"level":"info","message":"{\"method\":\"POST\",\"url\":\"/api/authenticate/otp_generate\",\"status\":\"200\",\"responseTime\":\"330.689 ms\",\"timestamp\":\"2025-06-04T07:45:48.860Z\"}","timestamp":"2025-06-04T07:45:48.860Z"}
{"level":"info","message":"{\"method\":\"POST\",\"url\":\"/api/authenticate/otp_generate\",\"status\":\"200\",\"responseTime\":\"4715.301 ms\",\"timestamp\":\"2025-06-04T07:45:55.318Z\"}","timestamp":"2025-06-04T07:45:55.318Z"}
{"level":"info","message":"{\"method\":\"POST\",\"url\":\"/api/authenticate/otp_Login\",\"status\":\"200\",\"responseTime\":\"126.559 ms\",\"timestamp\":\"2025-06-04T07:46:11.626Z\"}","timestamp":"2025-06-04T07:46:11.626Z"}
{"level":"info","message":"{\"method\":\"GET\",\"url\":\"/api/Contests/fetch_contest\",\"status\":\"200\",\"responseTime\":\"39.301 ms\",\"timestamp\":\"2025-06-04T07:46:14.915Z\"}","timestamp":"2025-06-04T07:46:14.915Z"}
{"level":"info","message":"{\"method\":\"POST\",\"url\":\"/api/authenticate/otp_Login\",\"status\":\"200\",\"responseTime\":\"103.982 ms\",\"timestamp\":\"2025-06-04T07:46:32.393Z\"}","timestamp":"2025-06-04T07:46:32.393Z"}
{"level":"info","message":"{\"method\":\"GET\",\"url\":\"/api/Contests/fetch_contest\",\"status\":\"200\",\"responseTime\":\"27.746 ms\",\"timestamp\":\"2025-06-04T07:46:59.546Z\"}","timestamp":"2025-06-04T07:46:59.546Z"}
{"level":"info","message":"{\"method\":\"GET\",\"url\":\"/api/Contests/fetch_contest\",\"status\":\"200\",\"responseTime\":\"21.249 ms\",\"timestamp\":\"2025-06-04T07:48:15.945Z\"}","timestamp":"2025-06-04T07:48:15.945Z"}
{"level":"info","message":"{\"method\":\"GET\",\"url\":\"/api/Contests/fetch_contest\",\"status\":\"200\",\"responseTime\":\"21.929 ms\",\"timestamp\":\"2025-06-04T07:49:04.999Z\"}","timestamp":"2025-06-04T07:49:04.999Z"}
{"level":"info","message":"{\"method\":\"GET\",\"url\":\"/api/Contests/fetch_contest\",\"status\":\"200\",\"responseTime\":\"25.872 ms\",\"timestamp\":\"2025-06-04T07:49:10.024Z\"}","timestamp":"2025-06-04T07:49:10.024Z"}
{"level":"info","message":"{\"method\":\"GET\",\"url\":\"/api/Contests/fetch_contest\",\"status\":\"200\",\"responseTime\":\"15.563 ms\",\"timestamp\":\"2025-06-04T07:49:42.229Z\"}","timestamp":"2025-06-04T07:49:42.229Z"}
{"level":"info","message":"{\"method\":\"POST\",\"url\":\"/api/UserApi/buy_ticket\",\"status\":\"400\",\"responseTime\":\"8.390 ms\",\"timestamp\":\"2025-06-04T07:50:20.006Z\"}","timestamp":"2025-06-04T07:50:20.006Z"}
{"level":"info","message":"{\"method\":\"GET\",\"url\":\"/api/Contests/fetch_contest\",\"status\":\"200\",\"responseTime\":\"65.558 ms\",\"timestamp\":\"2025-06-04T07:51:33.339Z\"}","timestamp":"2025-06-04T07:51:33.339Z"}
{"level":"info","message":"{\"method\":\"GET\",\"url\":\"/api/Contests/fetch_contest\",\"status\":\"200\",\"responseTime\":\"35.336 ms\",\"timestamp\":\"2025-06-04T07:51:40.805Z\"}","timestamp":"2025-06-04T07:51:40.805Z"}
{"level":"info","message":"{\"method\":\"GET\",\"url\":\"/api/Contests/fetch_contest\",\"status\":\"200\",\"responseTime\":\"23.980 ms\",\"timestamp\":\"2025-06-04T07:51:51.394Z\"}","timestamp":"2025-06-04T07:51:51.394Z"}
{"level":"info","message":"{\"method\":\"GET\",\"url\":\"/api/Contests/fetch_contest\",\"status\":\"200\",\"responseTime\":\"18.170 ms\",\"timestamp\":\"2025-06-04T07:51:56.915Z\"}","timestamp":"2025-06-04T07:51:56.915Z"}
{"level":"info","message":"{\"method\":\"GET\",\"url\":\"/api/Contests/fetch_contest\",\"status\":\"200\",\"responseTime\":\"50.187 ms\",\"timestamp\":\"2025-06-04T07:52:21.691Z\"}","timestamp":"2025-06-04T07:52:21.691Z"}
{"level":"info","message":"{\"method\":\"GET\",\"url\":\"/api/Contests/fetch_contest\",\"status\":\"200\",\"responseTime\":\"15.416 ms\",\"timestamp\":\"2025-06-04T07:52:33.369Z\"}","timestamp":"2025-06-04T07:52:33.369Z"}
{"level":"info","message":"{\"method\":\"GET\",\"url\":\"/api/Contests/fetch_contest\",\"status\":\"200\",\"responseTime\":\"22.386 ms\",\"timestamp\":\"2025-06-04T07:52:36.004Z\"}","timestamp":"2025-06-04T07:52:36.004Z"}
{"level":"info","message":"{\"method\":\"GET\",\"url\":\"/api/Contests/fetch_contest\",\"status\":\"200\",\"responseTime\":\"24.916 ms\",\"timestamp\":\"2025-06-04T07:52:59.980Z\"}","timestamp":"2025-06-04T07:52:59.980Z"}
{"level":"info","message":"{\"method\":\"GET\",\"url\":\"/api/Contests/fetch_contest\",\"status\":\"200\",\"responseTime\":\"31.442 ms\",\"timestamp\":\"2025-06-04T07:53:01.522Z\"}","timestamp":"2025-06-04T07:53:01.522Z"}
{"level":"info","message":"{\"method\":\"GET\",\"url\":\"/api/Contests/fetch_contest\",\"status\":\"200\",\"responseTime\":\"27.513 ms\",\"timestamp\":\"2025-06-04T07:53:03.592Z\"}","timestamp":"2025-06-04T07:53:03.592Z"}
{"level":"info","message":"{\"method\":\"GET\",\"url\":\"/api/Contests/fetch_contest\",\"status\":\"200\",\"responseTime\":\"27.679 ms\",\"timestamp\":\"2025-06-04T07:53:10.859Z\"}","timestamp":"2025-06-04T07:53:10.859Z"}
{"level":"info","message":"{\"method\":\"GET\",\"url\":\"/api/Contests/fetch_contest';\",\"status\":\"404\",\"responseTime\":\"4.674 ms\",\"timestamp\":\"2025-06-04T07:54:39.960Z\"}","timestamp":"2025-06-04T07:54:39.960Z"}
{"level":"info","message":"{\"method\":\"GET\",\"url\":\"/api/Contests/fetch_contest\",\"status\":\"200\",\"responseTime\":\"17.092 ms\",\"timestamp\":\"2025-06-04T07:56:46.818Z\"}","timestamp":"2025-06-04T07:56:46.818Z"}
{"level":"info","message":"{\"method\":\"GET\",\"url\":\"/api/Contests/fetch_contest\",\"status\":\"200\",\"responseTime\":\"18.454 ms\",\"timestamp\":\"2025-06-04T07:57:41.648Z\"}","timestamp":"2025-06-04T07:57:41.648Z"}
{"level":"info","message":"{\"method\":\"GET\",\"url\":\"/api/Contests/fetch_contest\",\"status\":\"200\",\"responseTime\":\"55.811 ms\",\"timestamp\":\"2025-06-04T08:01:37.654Z\"}","timestamp":"2025-06-04T08:01:37.655Z"}
{"level":"info","message":"{\"method\":\"GET\",\"url\":\"/api/Contests/fetch_contest\",\"status\":\"200\",\"responseTime\":\"27.322 ms\",\"timestamp\":\"2025-06-04T08:02:49.643Z\"}","timestamp":"2025-06-04T08:02:49.643Z"}
{"level":"info","message":"{\"method\":\"GET\",\"url\":\"/api/Contests/fetch_standard_contest\",\"status\":\"404\",\"responseTime\":\"4.171 ms\",\"timestamp\":\"2025-06-04T08:05:33.315Z\"}","timestamp":"2025-06-04T08:05:33.316Z"}
{"level":"info","message":"{\"method\":\"GET\",\"url\":\"/api/Contests/fetch_standard_contest\",\"status\":\"404\",\"responseTime\":\"1.235 ms\",\"timestamp\":\"2025-06-04T08:05:35.551Z\"}","timestamp":"2025-06-04T08:05:35.551Z"}
{"level":"info","message":"{\"method\":\"GET\",\"url\":\"/api/Contests/fetch_contest\",\"status\":\"200\",\"responseTime\":\"30.343 ms\",\"timestamp\":\"2025-06-04T08:05:38.548Z\"}","timestamp":"2025-06-04T08:05:38.548Z"}
{"level":"info","message":"{\"method\":\"GET\",\"url\":\"/api/Contests/fetch_standard_contest';\",\"status\":\"404\",\"responseTime\":\"1.266 ms\",\"timestamp\":\"2025-06-04T08:05:50.764Z\"}","timestamp":"2025-06-04T08:05:50.765Z"}
{"level":"info","message":"{\"method\":\"GET\",\"url\":\"/\",\"status\":\"404\",\"responseTime\":\"5.615 ms\",\"timestamp\":\"2025-06-04T09:34:45.253Z\"}","timestamp":"2025-06-04T09:34:45.254Z"}
{"level":"info","message":"{\"method\":\"POST\",\"url\":\"/api/authenticate/createuser\",\"status\":\"200\",\"responseTime\":\"274.530 ms\",\"timestamp\":\"2025-06-04T09:35:39.383Z\"}","timestamp":"2025-06-04T09:35:39.383Z"}
{"level":"info","message":"{\"method\":\"POST\",\"url\":\"/api/authenticate/otp_generate\",\"status\":\"200\",\"responseTime\":\"1159.515 ms\",\"timestamp\":\"2025-06-04T09:35:46.170Z\"}","timestamp":"2025-06-04T09:35:46.170Z"}
{"level":"info","message":"{\"method\":\"POST\",\"url\":\"/api/authenticate/otp_Login\",\"status\":\"200\",\"responseTime\":\"795.813 ms\",\"timestamp\":\"2025-06-04T09:35:59.681Z\"}","timestamp":"2025-06-04T09:35:59.681Z"}
{"level":"info","message":"{\"method\":\"GET\",\"url\":\"/\",\"status\":\"404\",\"responseTime\":\"5.606 ms\",\"timestamp\":\"2025-06-05T11:12:27.941Z\"}","timestamp":"2025-06-05T11:12:27.942Z"}
{"level":"info","message":"{\"method\":\"GET\",\"url\":\"/api/Contests/fetch_contest\",\"status\":\"200\",\"responseTime\":\"1532.465 ms\",\"timestamp\":\"2025-06-05T11:18:32.805Z\"}","timestamp":"2025-06-05T11:18:32.806Z"}
{"level":"info","message":"{\"method\":\"GET\",\"url\":\"/api/UserApi/get_wallet_balance\",\"status\":\"404\",\"responseTime\":\"2.305 ms\",\"timestamp\":\"2025-06-05T11:18:35.157Z\"}","timestamp":"2025-06-05T11:18:35.157Z"}
{"level":"info","message":"{\"method\":\"POST\",\"url\":\"/api/Contests/join_contest\",\"status\":\"404\",\"responseTime\":\"34.315 ms\",\"timestamp\":\"2025-06-05T11:20:33.885Z\"}","timestamp":"2025-06-05T11:20:33.885Z"}
{"level":"info","message":"{\"method\":\"GET\",\"url\":\"/api/UserApi/get_wallet_balance\",\"status\":\"404\",\"responseTime\":\"5.658 ms\",\"timestamp\":\"2025-06-05T11:20:38.480Z\"}","timestamp":"2025-06-05T11:20:38.480Z"}
{"level":"info","message":"{\"method\":\"GET\",\"url\":\"/api/Contests/fetch_contest\",\"status\":\"200\",\"responseTime\":\"503.210 ms\",\"timestamp\":\"2025-06-05T11:20:38.977Z\"}","timestamp":"2025-06-05T11:20:38.977Z"}
{"level":"info","message":"{\"method\":\"GET\",\"url\":\"/api/Contests/fetch_contest\",\"status\":\"200\",\"responseTime\":\"151.097 ms\",\"timestamp\":\"2025-06-05T11:25:12.444Z\"}","timestamp":"2025-06-05T11:25:12.445Z"}
{"level":"info","message":"{\"method\":\"POST\",\"url\":\"/api/UserApi/buy_ticket?contestID=684138d3725d1a5e509da689&ticket_prize=49&number_of_times=4\",\"status\":\"200\",\"responseTime\":\"1530.984 ms\",\"timestamp\":\"2025-06-05T11:25:40.937Z\"}","timestamp":"2025-06-05T11:25:40.937Z"}
{"level":"info","message":"{\"method\":\"POST\",\"url\":\"/api/UserApi/join_contes?ticket_id=68413634725d1a5e509da5e2\",\"status\":\"400\",\"responseTime\":\"268.143 ms\",\"timestamp\":\"2025-06-05T11:25:41.756Z\"}","timestamp":"2025-06-05T11:25:41.756Z"}
{"level":"info","message":"{\"method\":\"POST\",\"url\":\"/api/UserApi/join_contes?ticket_id=68417eb48a55e34c170acc6a\",\"status\":\"400\",\"responseTime\":\"33.066 ms\",\"timestamp\":\"2025-06-05T11:25:42.204Z\"}","timestamp":"2025-06-05T11:25:42.204Z"}
{"level":"info","message":"{\"method\":\"GET\",\"url\":\"/api/Contests/fetch_contest\",\"status\":\"200\",\"responseTime\":\"43.806 ms\",\"timestamp\":\"2025-06-05T11:25:50.004Z\"}","timestamp":"2025-06-05T11:25:50.004Z"}
{"level":"info","message":"{\"method\":\"GET\",\"url\":\"/api/Contests/fetch_contest\",\"status\":\"200\",\"responseTime\":\"1031.088 ms\",\"timestamp\":\"2025-06-05T11:49:24.473Z\"}","timestamp":"2025-06-05T11:49:24.474Z"}
{"level":"info","message":"{\"method\":\"POST\",\"url\":\"/api/authenticate/otp_generate\",\"status\":\"400\",\"responseTime\":\"64.424 ms\",\"timestamp\":\"2025-06-05T12:34:59.666Z\"}","timestamp":"2025-06-05T12:34:59.667Z"}
{"level":"info","message":"{\"method\":\"POST\",\"url\":\"/api/authenticate/createuser\",\"status\":\"200\",\"responseTime\":\"104.333 ms\",\"timestamp\":\"2025-06-05T12:36:03.388Z\"}","timestamp":"2025-06-05T12:36:03.388Z"}
{"level":"info","message":"{\"method\":\"POST\",\"url\":\"/api/authenticate/otp_generate\",\"status\":\"200\",\"responseTime\":\"995.196 ms\",\"timestamp\":\"2025-06-05T12:36:14.908Z\"}","timestamp":"2025-06-05T12:36:14.909Z"}
{"level":"info","message":"{\"method\":\"POST\",\"url\":\"/api/authenticate/otp_Login\",\"status\":\"400\",\"responseTime\":\"100.959 ms\",\"timestamp\":\"2025-06-05T12:36:25.613Z\"}","timestamp":"2025-06-05T12:36:25.613Z"}
{"level":"info","message":"{\"method\":\"POST\",\"url\":\"/api/authenticate/otp_generate\",\"status\":\"404\",\"responseTime\":\"30.691 ms\",\"timestamp\":\"2025-06-06T08:38:56.202Z\"}","timestamp":"2025-06-06T08:38:56.203Z"}
{"level":"info","message":"{\"method\":\"POST\",\"url\":\"/api/authenticate/otp_generate\",\"status\":\"404\",\"responseTime\":\"1.054 ms\",\"timestamp\":\"2025-06-06T08:40:16.960Z\"}","timestamp":"2025-06-06T08:40:16.960Z"}
{"level":"info","message":"{\"method\":\"POST\",\"url\":\"/api/authenticate/otp_generate\",\"status\":\"404\",\"responseTime\":\"1.122 ms\",\"timestamp\":\"2025-06-06T08:40:34.186Z\"}","timestamp":"2025-06-06T08:40:34.186Z"}
{"level":"info","message":"{\"method\":\"POST\",\"url\":\"/api/authenticate/otp_generate\",\"status\":\"200\",\"responseTime\":\"1164.092 ms\",\"timestamp\":\"2025-06-06T08:40:58.646Z\"}","timestamp":"2025-06-06T08:40:58.647Z"}
{"level":"info","message":"{\"method\":\"POST\",\"url\":\"/api/authenticate/otp_Login\",\"status\":\"200\",\"responseTime\":\"363.071 ms\",\"timestamp\":\"2025-06-06T08:41:19.693Z\"}","timestamp":"2025-06-06T08:41:19.693Z"}
{"level":"info","message":"{\"method\":\"POST\",\"url\":\"/api/UserApi/buy_ticket/?contestID=6842a730496f19fc6221236f&ticket_prize=0&number_of_times=2\",\"status\":\"404\",\"responseTime\":\"64.850 ms\",\"timestamp\":\"2025-06-06T08:48:02.006Z\"}","timestamp":"2025-06-06T08:48:02.007Z"}
{"level":"info","message":"{\"method\":\"POST\",\"url\":\"/api/authenticate/otp_generate\",\"status\":\"200\",\"responseTime\":\"497.156 ms\",\"timestamp\":\"2025-06-06T08:48:16.481Z\"}","timestamp":"2025-06-06T08:48:16.481Z"}
{"level":"info","message":"{\"method\":\"POST\",\"url\":\"/api/authenticate/otp_Login\",\"status\":\"200\",\"responseTime\":\"487.715 ms\",\"timestamp\":\"2025-06-06T08:48:31.437Z\"}","timestamp":"2025-06-06T08:48:31.437Z"}
{"level":"info","message":"{\"method\":\"POST\",\"url\":\"/api/UserApi/buy_ticket/?contestID=6842a730496f19fc6221236f&ticket_prize=0&number_of_times=2\",\"status\":\"200\",\"responseTime\":\"602.584 ms\",\"timestamp\":\"2025-06-06T08:48:37.019Z\"}","timestamp":"2025-06-06T08:48:37.019Z"}
{"level":"info","message":"{\"method\":\"GET\",\"url\":\"/\",\"status\":\"404\",\"responseTime\":\"2.401 ms\",\"timestamp\":\"2025-06-06T09:03:13.416Z\"}","timestamp":"2025-06-06T09:03:13.416Z"}
{"level":"info","message":"{\"method\":\"GET\",\"url\":\"/\",\"status\":\"404\",\"responseTime\":\"0.666 ms\",\"timestamp\":\"2025-06-06T09:03:19.666Z\"}","timestamp":"2025-06-06T09:03:19.666Z"}
{"level":"info","message":"{\"method\":\"GET\",\"url\":\"/loginMsg.js\",\"status\":\"404\",\"responseTime\":\"1.238 ms\",\"timestamp\":\"2025-06-06T09:03:24.888Z\"}","timestamp":"2025-06-06T09:03:24.888Z"}
{"level":"info","message":"{\"method\":\"GET\",\"url\":\"/cgi/get.cgi?cmd=home_login\",\"status\":\"404\",\"responseTime\":\"0.978 ms\",\"timestamp\":\"2025-06-06T09:03:24.906Z\"}","timestamp":"2025-06-06T09:03:24.906Z"}
{"level":"info","message":"{\"method\":\"POST\",\"url\":\"/\",\"status\":\"404\",\"responseTime\":\"1.295 ms\",\"timestamp\":\"2025-06-06T09:03:31.723Z\"}","timestamp":"2025-06-06T09:03:31.723Z"}
{"level":"info","message":"{\"method\":\"POST\",\"url\":\"/api/UserApi/buy_ticket/?contestID=6842a730496f19fc6221236f&ticket_prize=0&number_of_times=2\",\"status\":\"200\",\"responseTime\":\"292.110 ms\",\"timestamp\":\"2025-06-06T09:09:54.711Z\"}","timestamp":"2025-06-06T09:09:54.712Z"}
